#-----------------------------------------------------------
# Vivado v2016.2 (64-bit)
# SW Build 1577090 on Thu Jun  2 16:32:40 MDT 2016
# IP Build 1577682 on Fri Jun  3 12:00:54 MDT 2016
# Start of session at: Fri Aug 19 13:40:08 2016
# Process ID: 7092
# Current directory: C:/Users/Ecto1/Documents/GitHub/Digitale projectNew/Digitale2ProjectBackup
# Command line: vivado.exe -gui_launcher_event rodinguilauncherevent7388 C:\Users\Ecto1\Documents\GitHub\Digitale projectNew\Digitale2ProjectBackup\Digitale2ProjectBackup.xpr
# Log file: C:/Users/Ecto1/Documents/GitHub/Digitale projectNew/Digitale2ProjectBackup/vivado.log
# Journal file: C:/Users/Ecto1/Documents/GitHub/Digitale projectNew/Digitale2ProjectBackup\vivado.jou
#-----------------------------------------------------------
start_gui
open_project {C:/Users/Ecto1/Documents/GitHub/Digitale projectNew/Digitale2ProjectBackup/Digitale2ProjectBackup.xpr}
Scanning sources...
Finished scanning sources
INFO: [IP_Flow 19-234] Refreshing IP repositories
INFO: [IP_Flow 19-1704] No user IP repositories specified
IINFO: [IP_Flow 19-2313] Loaded Vivado IP repository 'D:/Vivado/2016.2/data/ip'.oopen_project: Time (s): cpu = 00:00:17 ; elapsed = 00:00:07 . Memory (MB): peak = 833.277 ; gain = 131.859uupdate_compile_order -fileset sources_1rexit
INFO: [Common 17-206] Exiting Vivado at Fri Aug 19 13:42:06 2016...
roject/src/hdl/UART_TX_CTRL.vhd}}
exit
INFO: [Common 17-206] Exiting Vivado at Fri Aug 19 13:41:59 2016...
