Vivado Simulator 2016.2
Copyright 1986-1999, 2001-2016 Xilinx, Inc. All Rights Reserved.
Running: D:/Vivado/2016.2/bin/unwrapped/win64.o/xelab.exe -wto 625753a3ad2244b883ce91cd364ffccc --debug typical --relax --mt 2 -L xil_defaultlib -L secureip --snapshot Test_Bench_behav xil_defaultlib.Test_Bench -log elaborate.log 
Using 2 slave threads.
Starting static elaboration
Completed static elaboration
Starting simulation data flow analysis
Completed simulation data flow analysis
Time Resolution for simulation is 1ps
Compiling package std.standard
Compiling package ieee.std_logic_1164
Compiling package ieee.numeric_std
Compiling package ieee.std_logic_arith
Compiling package ieee.std_logic_unsigned
Compiling package unisim.vcomponents
Compiling package ieee.math_real
Compiling package ieee.std_logic_signed
Compiling package std.textio
Compiling package ieee.vital_timing
Compiling package ieee.vital_primitives
Compiling package unisim.vpkg
Compiling architecture behavioral of entity xil_defaultlib.debouncer [debouncer_default]
Compiling architecture mmcme2_adv_v of entity unisim.MMCME2_ADV [\MMCME2_ADV(clkfbout_mult_f=10.1...]
Compiling architecture bufg_v of entity unisim.BUFG [bufg_default]
Compiling architecture xilinx of entity xil_defaultlib.clk_wiz_0_clk_wiz [clk_wiz_0_clk_wiz_default]
Compiling architecture xilinx of entity xil_defaultlib.clk_wiz_0 [clk_wiz_0_default]
Compiling architecture behavioral of entity xil_defaultlib.Ps2Interface [ps2interface_default]
Compiling architecture behavioral of entity xil_defaultlib.MouseCtl [\MouseCtl(sysclk_frequency_hz=10...]
Compiling architecture behavioral of entity xil_defaultlib.MouseDisplay [mousedisplay_default]
Compiling architecture behavioral of entity xil_defaultlib.vga_ctrl [vga_ctrl_default]
Compiling architecture behavioral of entity xil_defaultlib.GPIO_demo [gpio_demo_default]
Compiling architecture behavioral of entity xil_defaultlib.test_bench
Built simulation snapshot Test_Bench_behav
